# JRE version: OpenJDK Runtime Environment (8.0_242-b01) (build 1.8.0_242-release-1644-b01)
# Java VM: OpenJDK 64-Bit Server VM (25.242-b01 mixed mode windows-amd64 compressed oops)
Heap:
 PSYoungGen      total 451584K, used 121390K [0x00000000d5580000, 0x00000000f9100000, 0x0000000100000000)
  eden space 391680K, 29% used [0x00000000d5580000,0x00000000dc5bca90,0x00000000ed400000)
  from space 59904K, 10% used [0x00000000ed400000,0x00000000eda4ee08,0x00000000f0e80000)
  to   space 58880K, 0% used [0x00000000f5780000,0x00000000f5780000,0x00000000f9100000)
 ParOldGen       total 323584K, used 215764K [0x0000000080000000, 0x0000000093c00000, 0x00000000d5580000)
  object space 323584K, 66% used [0x0000000080000000,0x000000008d2b5308,0x0000000093c00000)
 Metaspace       used 116431K, capacity 122122K, committed 124504K, reserved 1157120K
  class space    used 14834K, capacity 15894K, committed 16512K, reserved 1048576K
GC Heap History (10 events):
Event: 2478.125 GC heap before
{Heap before GC invocations=36 (full 5):
 PSYoungGen      total 387584K, used 352374K [0x00000000d5580000, 0x00000000f0780000, 0x0000000100000000)
  eden space 339968K, 100% used [0x00000000d5580000,0x00000000ea180000,0x00000000ea180000)
  from space 47616K, 26% used [0x00000000ed900000,0x00000000ee51db70,0x00000000f0780000)
  to   space 52224K, 0% used [0x00000000ea180000,0x00000000ea180000,0x00000000ed480000)
 ParOldGen       total 323584K, used 157408K [0x0000000080000000, 0x0000000093c00000, 0x00000000d5580000)
  object space 323584K, 48% used [0x0000000080000000,0x00000000899b83b0,0x0000000093c00000)
 Metaspace       used 115248K, capacity 120692K, committed 123480K, reserved 1157120K
  class space    used 14745K, capacity 15801K, committed 16512K, reserved 1048576K
Event: 2478.136 GC heap after
Heap after GC invocations=36 (full 5):
 PSYoungGen      total 392192K, used 5458K [0x00000000d5580000, 0x00000000f0780000, 0x0000000100000000)
  eden space 339968K, 0% used [0x00000000d5580000,0x00000000d5580000,0x00000000ea180000)
  from space 52224K, 10% used [0x00000000ea180000,0x00000000ea6d4b70,0x00000000ed480000)
  to   space 47616K, 0% used [0x00000000ed900000,0x00000000ed900000,0x00000000f0780000)
 ParOldGen       total 323584K, used 161995K [0x0000000080000000, 0x0000000093c00000, 0x00000000d5580000)
  object space 323584K, 50% used [0x0000000080000000,0x0000000089e32c60,0x0000000093c00000)
 Metaspace       used 115248K, capacity 120692K, committed 123480K, reserved 1157120K
  class space    used 14745K, capacity 15801K, committed 16512K, reserved 1048576K
}
Event: 2501.323 GC heap before
{Heap before GC invocations=37 (full 5):
 PSYoungGen      total 392192K, used 345426K [0x00000000d5580000, 0x00000000f0780000, 0x0000000100000000)
  eden space 339968K, 100% used [0x00000000d5580000,0x00000000ea180000,0x00000000ea180000)
  from space 52224K, 10% used [0x00000000ea180000,0x00000000ea6d4b70,0x00000000ed480000)
  to   space 47616K, 0% used [0x00000000ed900000,0x00000000ed900000,0x00000000f0780000)
 ParOldGen       total 323584K, used 161995K [0x0000000080000000, 0x0000000093c00000, 0x00000000d5580000)
  object space 323584K, 50% used [0x0000000080000000,0x0000000089e32c60,0x0000000093c00000)
 Metaspace       used 116142K, capacity 121718K, committed 124248K, reserved 1157120K
  class space    used 14801K, capacity 15844K, committed 16512K, reserved 1048576K
Event: 2501.360 GC heap after
Heap after GC invocations=37 (full 5):
 PSYoungGen      total 386560K, used 18603K [0x00000000d5580000, 0x00000000f5280000, 0x0000000100000000)
  eden space 338944K, 0% used [0x00000000d5580000,0x00000000d5580000,0x00000000ea080000)
  from space 47616K, 39% used [0x00000000ed900000,0x00000000eeb2afc0,0x00000000f0780000)
  to   space 57856K, 0% used [0x00000000ea080000,0x00000000ea080000,0x00000000ed900000)
 ParOldGen       total 323584K, used 165492K [0x0000000080000000, 0x0000000093c00000, 0x00000000d5580000)
  object space 323584K, 51% used [0x0000000080000000,0x000000008a19d110,0x0000000093c00000)
 Metaspace       used 116142K, capacity 121718K, committed 124248K, reserved 1157120K
  class space    used 14801K, capacity 15844K, committed 16512K, reserved 1048576K
}
Event: 2502.271 GC heap before
{Heap before GC invocations=38 (full 5):
 PSYoungGen      total 386560K, used 357547K [0x00000000d5580000, 0x00000000f5280000, 0x0000000100000000)
  eden space 338944K, 100% used [0x00000000d5580000,0x00000000ea080000,0x00000000ea080000)
  from space 47616K, 39% used [0x00000000ed900000,0x00000000eeb2afc0,0x00000000f0780000)
  to   space 57856K, 0% used [0x00000000ea080000,0x00000000ea080000,0x00000000ed900000)
 ParOldGen       total 323584K, used 165492K [0x0000000080000000, 0x0000000093c00000, 0x00000000d5580000)
  object space 323584K, 51% used [0x0000000080000000,0x000000008a19d110,0x0000000093c00000)
 Metaspace       used 116386K, capacity 122058K, committed 124504K, reserved 1157120K
  class space    used 14832K, capacity 15894K, committed 16512K, reserved 1048576K
Event: 2502.314 GC heap after
Heap after GC invocations=38 (full 5):
 PSYoungGen      total 396800K, used 25630K [0x00000000d5580000, 0x00000000f4580000, 0x0000000100000000)
  eden space 338944K, 0% used [0x00000000d5580000,0x00000000d5580000,0x00000000ea080000)
  from space 57856K, 44% used [0x00000000ea080000,0x00000000eb987b38,0x00000000ed900000)
  to   space 56320K, 0% used [0x00000000f0e80000,0x00000000f0e80000,0x00000000f4580000)
 ParOldGen       total 323584K, used 174147K [0x0000000080000000, 0x0000000093c00000, 0x00000000d5580000)
  object space 323584K, 53% used [0x0000000080000000,0x000000008aa10fa8,0x0000000093c00000)
 Metaspace       used 116386K, capacity 122058K, committed 124504K, reserved 1157120K
  class space    used 14832K, capacity 15894K, committed 16512K, reserved 1048576K
}
Event: 2503.031 GC heap before
{Heap before GC invocations=39 (full 5):
 PSYoungGen      total 396800K, used 364574K [0x00000000d5580000, 0x00000000f4580000, 0x0000000100000000)
  eden space 338944K, 100% used [0x00000000d5580000,0x00000000ea080000,0x00000000ea080000)
  from space 57856K, 44% used [0x00000000ea080000,0x00000000eb987b38,0x00000000ed900000)
  to   space 56320K, 0% used [0x00000000f0e80000,0x00000000f0e80000,0x00000000f4580000)
 ParOldGen       total 323584K, used 174147K [0x0000000080000000, 0x0000000093c00000, 0x00000000d5580000)
  object space 323584K, 53% used [0x0000000080000000,0x000000008aa10fa8,0x0000000093c00000)
 Metaspace       used 116410K, capacity 122058K, committed 124504K, reserved 1157120K
  class space    used 14833K, capacity 15894K, committed 16512K, reserved 1048576K
Event: 2503.175 GC heap after
Heap after GC invocations=39 (full 5):
 PSYoungGen      total 448000K, used 39441K [0x00000000d5580000, 0x00000000f5780000, 0x0000000100000000)
  eden space 391680K, 0% used [0x00000000d5580000,0x00000000d5580000,0x00000000ed400000)
  from space 56320K, 70% used [0x00000000f0e80000,0x00000000f35047f0,0x00000000f4580000)
  to   space 59904K, 0% used [0x00000000ed400000,0x00000000ed400000,0x00000000f0e80000)
 ParOldGen       total 323584K, used 181706K [0x0000000080000000, 0x0000000093c00000, 0x00000000d5580000)
  object space 323584K, 56% used [0x0000000080000000,0x000000008b1729f8,0x0000000093c00000)
 Metaspace       used 116410K, capacity 122058K, committed 124504K, reserved 1157120K
  class space    used 14833K, capacity 15894K, committed 16512K, reserved 1048576K
}
Event: 2504.529 GC heap before
{Heap before GC invocations=40 (full 5):
 PSYoungGen      total 448000K, used 431121K [0x00000000d5580000, 0x00000000f5780000, 0x0000000100000000)
  eden space 391680K, 100% used [0x00000000d5580000,0x00000000ed400000,0x00000000ed400000)
  from space 56320K, 70% used [0x00000000f0e80000,0x00000000f35047f0,0x00000000f4580000)
  to   space 59904K, 0% used [0x00000000ed400000,0x00000000ed400000,0x00000000f0e80000)
 ParOldGen       total 323584K, used 181706K [0x0000000080000000, 0x0000000093c00000, 0x00000000d5580000)
  object space 323584K, 56% used [0x0000000080000000,0x000000008b1729f8,0x0000000093c00000)
 Metaspace       used 116429K, capacity 122058K, committed 124504K, reserved 1157120K
  class space    used 14834K, capacity 15894K, committed 16512K, reserved 1048576K
Event: 2504.585 GC heap after
Heap after GC invocations=40 (full 5):
 PSYoungGen      total 451584K, used 6459K [0x00000000d5580000, 0x00000000f9100000, 0x0000000100000000)
  eden space 391680K, 0% used [0x00000000d5580000,0x00000000d5580000,0x00000000ed400000)
  from space 59904K, 10% used [0x00000000ed400000,0x00000000eda4ee08,0x00000000f0e80000)
  to   space 58880K, 0% used [0x00000000f5780000,0x00000000f5780000,0x00000000f9100000)
 ParOldGen       total 323584K, used 215764K [0x0000000080000000, 0x0000000093c00000, 0x00000000d5580000)
  object space 323584K, 66% used [0x0000000080000000,0x000000008d2b5308,0x0000000093c00000)
 Metaspace       used 116429K, capacity 122058K, committed 124504K, reserved 1157120K
  class space    used 14834K, capacity 15894K, committed 16512K, reserved 1048576K
}

